Code - (bucket, position in bucket) - Keyword/Character
2    (-1,-1)   START
4    (-1,-1)   DEF
0    (5,0)   id
41   (-1,-1)   :
5    (-1,-1)   NUMBER
39   (-1,-1)   ;
0    (6,0)   id
41   (-1,-1)   :
5    (-1,-1)   NUMBER
39   (-1,-1)   ;
0    (17,0)   id
41   (-1,-1)   :
6    (-1,-1)   STRING
15   (-1,-1)   ASSIGN
0    (17,0)   id
41   (-1,-1)   :
1    (3,0)   constant
11   (-1,-1)   READ
0    (5,0)   id
11   (-1,-1)   READ
0    (6,0)   id
19   (-1,-1)   PROC
0    (6,1)   id
42   (-1,-1)   (
0    (5,0)   id
41   (-1,-1)   :
5    (-1,-1)   NUMBER
39   (-1,-1)   ;
0    (6,0)   id
41   (-1,-1)   :
5    (-1,-1)   NUMBER
43   (-1,-1)   )
20   (-1,-1)   STARTPROC
12   (-1,-1)   IF
0    (5,0)   id
33   (-1,-1)   ===
0    (6,0)   id
13   (-1,-1)   STARTIF
23   (-1,-1)   RETURN
0    (5,0)   id
14   (-1,-1)   FINISHIF
12   (-1,-1)   IF
0    (6,0)   id
36   (-1,-1)   >
0    (5,0)   id
13   (-1,-1)   STARTIF
23   (-1,-1)   RETURN
22   (-1,-1)   CALL
0    (6,1)   id
42   (-1,-1)   (
0    (5,0)   id
40   (-1,-1)   ,
0    (6,0)   id
28   (-1,-1)   -
0    (5,0)   id
43   (-1,-1)   )
14   (-1,-1)   FINISHIF
25   (-1,-1)   ELSE
23   (-1,-1)   RETURN
22   (-1,-1)   CALL
0    (6,1)   id
42   (-1,-1)   (
0    (6,0)   id
40   (-1,-1)   ,
0    (5,0)   id
28   (-1,-1)   -
0    (6,0)   id
43   (-1,-1)   )
26   (-1,-1)   FINISHELSE
21   (-1,-1)   FINISHPROC
24   (-1,-1)   PRINT
42   (-1,-1)   (
0    (17,0)   id
27   (-1,-1)   +
0    (5,0)   id
27   (-1,-1)   +
1    (19,0)   constant
27   (-1,-1)   +
0    (6,0)   id
27   (-1,-1)   +
1    (12,0)   constant
27   (-1,-1)   +
22   (-1,-1)   CALL
0    (6,1)   id
42   (-1,-1)   (
0    (5,0)   id
40   (-1,-1)   ,
0    (6,0)   id
43   (-1,-1)   )
43   (-1,-1)   )
3    (-1,-1)   FINISH
